{
  "stats": {
    "suites": 1,
    "tests": 9,
    "passes": 9,
    "pending": 0,
    "failures": 0,
    "start": "2021-11-29T04:40:13.210Z",
    "end": "2021-11-29T04:40:50.273Z",
    "duration": 37063,
    "testsRegistered": 9,
    "passPercent": 100,
    "pendingPercent": 0,
    "other": 0,
    "hasOther": false,
    "skipped": 0,
    "hasSkipped": false
  },
  "results": [
    {
      "uuid": "55c305a3-3180-4137-8dfa-c65c88c60400",
      "title": "",
      "fullFile": "cypress/integration/emSolutions/emsolutions.spec.js",
      "file": "cypress/integration/emSolutions/emsolutions.spec.js",
      "beforeHooks": [],
      "afterHooks": [],
      "tests": [],
      "suites": [
        {
          "uuid": "435cbd13-93ff-4885-ad5a-7f8bbae7d0c5",
          "title": "Registration",
          "fullFile": "",
          "file": "",
          "beforeHooks": [],
          "afterHooks": [],
          "tests": [
            {
              "title": "Varification of site",
              "fullTitle": "Registration Varification of site",
              "timedOut": null,
              "duration": 7799,
              "state": "passed",
              "speed": "medium",
              "pass": true,
              "fail": false,
              "pending": false,
              "context": null,
              "code": "cy.visit(\"https://ems.outcastsolutions.us/employees/create\");\ncy.title().should('be.equal', 'OutcastSolutions Employee Management System');",
              "err": {},
              "uuid": "b4e429bc-79e0-458f-b8a0-08372af4ec69",
              "parentUUID": "435cbd13-93ff-4885-ad5a-7f8bbae7d0c5",
              "isHook": false,
              "skipped": false
            },
            {
              "title": "Varification of main headings",
              "fullTitle": "Registration Varification of main headings",
              "timedOut": null,
              "duration": 65,
              "state": "passed",
              "speed": "fast",
              "pass": true,
              "fail": false,
              "pending": false,
              "context": null,
              "code": "cy.get('h1').contains('OutcastSolutions');",
              "err": {},
              "uuid": "ee0bf9f7-97c1-4f15-b53e-923dc27bf5c6",
              "parentUUID": "435cbd13-93ff-4885-ad5a-7f8bbae7d0c5",
              "isHook": false,
              "skipped": false
            },
            {
              "title": "Varification of all heading",
              "fullTitle": "Registration Varification of all heading",
              "timedOut": null,
              "duration": 56,
              "state": "passed",
              "speed": "fast",
              "pass": true,
              "fail": false,
              "pending": false,
              "context": null,
              "code": "cy.get('body > section > div > div > div.panel-title-sign.mt-xl.text-right > h2').contains(' Sign Up');\ncy.get('.panel-title').contains('Bank Detail');\ncy.get('body > section > div > div > div:nth-child(4) > div > section > header > h2').contains('Emergency Contact');",
              "err": {},
              "uuid": "f1bb2aac-5cc0-4684-a554-5f7049cdc7a4",
              "parentUUID": "435cbd13-93ff-4885-ad5a-7f8bbae7d0c5",
              "isHook": false,
              "skipped": false
            },
            {
              "title": "Varification of signin links",
              "fullTitle": "Registration Varification of signin links",
              "timedOut": null,
              "duration": 46,
              "state": "passed",
              "speed": "fast",
              "pass": true,
              "fail": false,
              "pending": false,
              "context": null,
              "code": "cy.get('.text-center').contains('Already have an account? ');\ncy.get('body > p > a').contains('Sign In!').should('be.visible');",
              "err": {},
              "uuid": "9b263cac-2021-4409-8a4b-481a2346e14f",
              "parentUUID": "435cbd13-93ff-4885-ad5a-7f8bbae7d0c5",
              "isHook": false,
              "skipped": false
            },
            {
              "title": "Varification of all elements should be visible",
              "fullTitle": "Registration Varification of all elements should be visible",
              "timedOut": null,
              "duration": 391,
              "state": "passed",
              "speed": "fast",
              "pass": true,
              "fail": false,
              "pending": false,
              "context": null,
              "code": "// Personal Information \ncy.get('input[name=first_name]').should('be.visible');\ncy.get('input[name=last_name]').should('be.visible');\ncy.get('input[name=contact]').should('be.visible');\ncy.get('input[name=cnic]').should('be.visible');\ncy.get('input[name=email]').should('be.visible');\ncy.get('input[name=password]').should('be.visible');\ncy.get('body > section > div > div > div.panel-body > form > div.form-group.mb-none > div:nth-child(7) > select').should('be.visible');\ncy.get('input[name=allergies]').should('be.visible');\ncy.get('input[name=address]').should('be.visible');\ncy.get('input[name=cnic_address]').should('be.visible'); // Bank Details \ncy.get('input[name=bank_name]').should('be.visible');\ncy.get('input[name=account_title]').should('be.visible');\ncy.get('input[name=account_number]').should('be.visible'); //Emergency Contact\ncy.get('input[name=emergency_name]').should('be.visible');\ncy.get('input[name=emergency_relationship]').should('be.visible');\ncy.get('input[name=emergency_contact]').should('be.visible');\ncy.get('input[name=emergency_email]').should('be.visible'); // Passport Size Picture\ncy.get('input[name=profile_pic]').should('be.visible');\ncy.get('input[name=cnic_pic_front]').should('be.visible');\ncy.get('input[name=salary_slip_pic]').should('be.visible');\ncy.get('body > div > div > input').should('be.visible').should('be.enabled');",
              "err": {},
              "uuid": "a08184ac-9b0e-4126-ac59-7dc88a78d221",
              "parentUUID": "435cbd13-93ff-4885-ad5a-7f8bbae7d0c5",
              "isHook": false,
              "skipped": false
            },
            {
              "title": "User should not be registered with Garbage test data ",
              "fullTitle": "Registration User should not be registered with Garbage test data ",
              "timedOut": null,
              "duration": 4224,
              "state": "passed",
              "speed": "fast",
              "pass": true,
              "fail": false,
              "pending": false,
              "context": null,
              "code": "// Personal Information \ncy.get('input[name=first_name]').type(\"/////\");\ncy.get('input[name=last_name]').type(\"/////\");\ncy.get('input[name=contact]').type(\"/////\");\ncy.get('input[name=cnic]').type(\"/////\");\ncy.get('input[name=email]').type(\"/////\");\ncy.get('input[name=password]').type(\"/////\");\ncy.get('body > section > div > div > div.panel-body > form > div.form-group.mb-none > div:nth-child(7) > select').select('A+');\ncy.get('input[name=allergies]').type(\"/////\");\ncy.get('input[name=address]').type(\"/////\");\ncy.get('input[name=cnic_address]').type(\"/////\"); // Bank Details \ncy.get('input[name=bank_name]').type(\"/////\");\ncy.get('input[name=account_title]').type(\"/////\");\ncy.get('input[name=account_number]').type(\"/////\"); //Emergency Contact\ncy.get('input[name=emergency_name]').type(\"/////\");\ncy.get('input[name=emergency_relationship]').type(\"/////\");\ncy.get('input[name=emergency_contact]').type(\"/////\");\ncy.get('input[name=emergency_email]').type(\"/////\"); // Passport Size Picture\ncy.get('body > div > div > input').click();\ncy.get('input[name=contact]').focused();",
              "err": {},
              "uuid": "4bdacf36-cf85-49a3-b7ce-d8612ce56bb5",
              "parentUUID": "435cbd13-93ff-4885-ad5a-7f8bbae7d0c5",
              "isHook": false,
              "skipped": false
            },
            {
              "title": "Empty fields get focused Credentials ",
              "fullTitle": "Registration Empty fields get focused Credentials ",
              "timedOut": null,
              "duration": 1651,
              "state": "passed",
              "speed": "fast",
              "pass": true,
              "fail": false,
              "pending": false,
              "context": null,
              "code": "// Personal Information \ncy.get('input[name=first_name]').clear().type(\"test\");\ncy.get('input[name=last_name]').clear().type(\"data\");\ncy.get('input[name=contact]').clear().type(\"/////\");\ncy.get('input[name=cnic]').clear().type(\"41303-1234567-1\");\ncy.get('body > div > div > input').click();\ncy.focused();",
              "err": {},
              "uuid": "dc86f6ce-ba59-481f-9b2e-47b1601b40b9",
              "parentUUID": "435cbd13-93ff-4885-ad5a-7f8bbae7d0c5",
              "isHook": false,
              "skipped": false
            },
            {
              "title": "Wrong email validation",
              "fullTitle": "Registration Wrong email validation",
              "timedOut": null,
              "duration": 2090,
              "state": "passed",
              "speed": "fast",
              "pass": true,
              "fail": false,
              "pending": false,
              "context": null,
              "code": "// Personal Information \ncy.get('input[name=first_name]').clear().type(\"test\");\ncy.get('input[name=last_name]').clear().type(\"data\");\ncy.get('input[name=contact]').clear().type(\"(1341) 988-2926\");\ncy.get('input[name=cnic]').clear().type(\"41303-1234567-1\");\ncy.get('input[name=email]').type(\"sdsfe@.com\");\ncy.get('body > div > div > input').click();\ncy.focused();",
              "err": {},
              "uuid": "599bf37f-7560-4452-8f89-eee63f1d8c58",
              "parentUUID": "435cbd13-93ff-4885-ad5a-7f8bbae7d0c5",
              "isHook": false,
              "skipped": false
            },
            {
              "title": "User should be registered successfully ",
              "fullTitle": "Registration User should be registered successfully ",
              "timedOut": null,
              "duration": 15612,
              "state": "passed",
              "speed": "slow",
              "pass": true,
              "fail": false,
              "pending": false,
              "context": null,
              "code": "const fname = 'abc1',\n      lname = 'test1',\n      contctno = '(1341) 988-2986',\n      cnicno = '41344-1234567-1',\n      useremail = 'abc34@mail.com',\n      userpass = '1834567894',\n      BG = 'O+',\n      algry = 'Kidney diseases',\n      addres = 'Gulistan e johar block 11',\n      cnicaddress = 'Gulistan e johar block 11',\n      bankname = 'Alflah islamic',\n      acctitle = 'PAKIZA MUNAWAR',\n      accnum = '5214454515484',\n      emrgname = 'Muhammad Munawar',\n      emrgrel = 'Father',\n      emgrcontact = '(1341) 888-2977',\n      emgremail = 'muhmmadmunawar12@gmail.com',\n      p1 = 'quiz3.PNG'; // Personal Information \ncy.get('input[name=first_name]').clear().type(fname).should('have.value', fname);\ncy.get('input[name=last_name]').clear().type(lname).should('have.value', lname);\ncy.get('input[name=contact]').clear().type(contctno).should('have.value', contctno);\ncy.get('input[name=cnic]').clear().type(cnicno).should('have.value', cnicno);\ncy.get('input[name=email]').clear().type(useremail).should('have.value', useremail);\ncy.get('input[name=password]').clear().type(userpass).should('have.value', userpass);\ncy.get('body > section > div > div > div.panel-body > form > div.form-group.mb-none > div:nth-child(7) > select').select(BG);\ncy.get('input[name=allergies]').clear().type(algry).should('have.value', algry);\ncy.get('input[name=address]').clear().type(addres).should('have.value', addres);\ncy.get('input[name=cnic_address]').clear().type(cnicaddress).should('have.value', cnicaddress); // Bank Details \ncy.get('input[name=bank_name]').clear().type(bankname).should('have.value', bankname);\ncy.get('input[name=account_title]').clear().type(acctitle).should('have.value', acctitle);\ncy.get('input[name=account_number]').clear().type(accnum).should('have.value', accnum); //Emergency Contact\ncy.get('input[name=emergency_name]').clear().type(emrgname).should('have.value', emrgname);\ncy.get('input[name=emergency_relationship]').clear().type(emrgrel).should('have.value', emrgrel);\ncy.get('input[name=emergency_contact]').clear().type(emgrcontact).should('have.value', emgrcontact);\ncy.get('input[name=emergency_email]').clear().type(emgremail).should('have.value', emgremail); // Passport Size Picture\n//cy.get('input[name=profile_pic]').should('be.visible')\ncy.get('input[name=profile_pic]').attachFile(p1);\ncy.get('input[name=cnic_pic_front]').attachFile(p1);\ncy.get('input[name=cnic_pic_back]').attachFile(p1);\ncy.get('input[name=salary_slip_pic]').attachFile(p1);\ncy.get('body > div > div > input').click();\ncy.clearCookies(); //cy.title().should('be.equal','OutcastSolutions Employee Management System')\ncy.log('signup---------------------------------------------');",
              "err": {},
              "uuid": "29c6b349-0e33-405e-a027-aceaf9a39cd3",
              "parentUUID": "435cbd13-93ff-4885-ad5a-7f8bbae7d0c5",
              "isHook": false,
              "skipped": false
            }
          ],
          "suites": [],
          "passes": [
            "b4e429bc-79e0-458f-b8a0-08372af4ec69",
            "ee0bf9f7-97c1-4f15-b53e-923dc27bf5c6",
            "f1bb2aac-5cc0-4684-a554-5f7049cdc7a4",
            "9b263cac-2021-4409-8a4b-481a2346e14f",
            "a08184ac-9b0e-4126-ac59-7dc88a78d221",
            "4bdacf36-cf85-49a3-b7ce-d8612ce56bb5",
            "dc86f6ce-ba59-481f-9b2e-47b1601b40b9",
            "599bf37f-7560-4452-8f89-eee63f1d8c58",
            "29c6b349-0e33-405e-a027-aceaf9a39cd3"
          ],
          "failures": [],
          "pending": [],
          "skipped": [],
          "duration": 31934,
          "root": false,
          "rootEmpty": false,
          "_timeout": 2000
        }
      ],
      "passes": [],
      "failures": [],
      "pending": [],
      "skipped": [],
      "duration": 0,
      "root": true,
      "rootEmpty": true,
      "_timeout": 2000
    }
  ],
  "meta": {
    "mocha": {
      "version": "7.0.1"
    },
    "mochawesome": {
      "options": {
        "quiet": false,
        "reportFilename": "mochawesome",
        "saveHtml": false,
        "saveJson": true,
        "consoleReporter": "spec",
        "useInlineDiffs": false,
        "code": true
      },
      "version": "6.3.1"
    },
    "marge": {
      "options": {
        "reportDir": "cypress\\report\\.jsons",
        "charts": true,
        "reportPageTitle": "Demo report",
        "embeddedScreenshots": true,
        "overwrite": false,
        "html": false,
        "json": true
      },
      "version": "5.2.0"
    }
  }
}